Defaulting to user installation because normal site-packages is not writeable
Requirement already satisfied: lightning-bolts in /home/ga947/.local/lib/python3.9/site-packages (0.6.0.post1)
Requirement already satisfied: pytorch-lightning>=1.7.0 in /ext3/miniconda3/envs/project/lib/python3.9/site-packages (from lightning-bolts) (1.7.7)
Requirement already satisfied: torchvision>=0.10.0 in /ext3/miniconda3/envs/project/lib/python3.9/site-packages (from lightning-bolts) (0.13.0a0+8069656)
Requirement already satisfied: lightning-utilities!=0.4.0,>=0.3.0 in /home/ga947/.local/lib/python3.9/site-packages (from lightning-bolts) (0.4.2)
Requirement already satisfied: torch>=1.9.* in /ext3/miniconda3/envs/project/lib/python3.9/site-packages (from pytorch-lightning>=1.7.0->lightning-bolts) (1.12.1.post201)
Requirement already satisfied: pyDeprecate>=0.3.1 in /ext3/miniconda3/envs/project/lib/python3.9/site-packages (from pytorch-lightning>=1.7.0->lightning-bolts) (0.3.2)
Requirement already satisfied: torchmetrics>=0.7.0 in /ext3/miniconda3/envs/project/lib/python3.9/site-packages (from pytorch-lightning>=1.7.0->lightning-bolts) (0.10.2)
Requirement already satisfied: PyYAML>=5.4 in /ext3/miniconda3/envs/project/lib/python3.9/site-packages (from pytorch-lightning>=1.7.0->lightning-bolts) (6.0)
Requirement already satisfied: numpy>=1.17.2 in /ext3/miniconda3/envs/project/lib/python3.9/site-packages (from pytorch-lightning>=1.7.0->lightning-bolts) (1.23.4)
Requirement already satisfied: tensorboard>=2.9.1 in /ext3/miniconda3/envs/project/lib/python3.9/site-packages (from pytorch-lightning>=1.7.0->lightning-bolts) (2.11.0)
Requirement already satisfied: tqdm>=4.57.0 in /ext3/miniconda3/envs/project/lib/python3.9/site-packages (from pytorch-lightning>=1.7.0->lightning-bolts) (4.64.1)
Requirement already satisfied: fsspec[http]!=2021.06.0,>=2021.05.0 in /ext3/miniconda3/envs/project/lib/python3.9/site-packages (from pytorch-lightning>=1.7.0->lightning-bolts) (2022.11.0)
Requirement already satisfied: typing-extensions>=4.0.0 in /ext3/miniconda3/envs/project/lib/python3.9/site-packages (from pytorch-lightning>=1.7.0->lightning-bolts) (4.4.0)
Requirement already satisfied: packaging>=17.0 in /ext3/miniconda3/envs/project/lib/python3.9/site-packages (from pytorch-lightning>=1.7.0->lightning-bolts) (21.3)
Requirement already satisfied: requests in /ext3/miniconda3/envs/project/lib/python3.9/site-packages (from torchvision>=0.10.0->lightning-bolts) (2.28.1)
Requirement already satisfied: pillow!=8.3.*,>=5.3.0 in /ext3/miniconda3/envs/project/lib/python3.9/site-packages (from torchvision>=0.10.0->lightning-bolts) (9.2.0)
Requirement already satisfied: aiohttp!=4.0.0a0,!=4.0.0a1 in /ext3/miniconda3/envs/project/lib/python3.9/site-packages (from fsspec[http]!=2021.06.0,>=2021.05.0->pytorch-lightning>=1.7.0->lightning-bolts) (3.8.3)
Requirement already satisfied: pyparsing!=3.0.5,>=2.0.2 in /ext3/miniconda3/envs/project/lib/python3.9/site-packages (from packaging>=17.0->pytorch-lightning>=1.7.0->lightning-bolts) (3.0.9)
Requirement already satisfied: tensorboard-data-server<0.7.0,>=0.6.0 in /ext3/miniconda3/envs/project/lib/python3.9/site-packages (from tensorboard>=2.9.1->pytorch-lightning>=1.7.0->lightning-bolts) (0.6.0)
Requirement already satisfied: tensorboard-plugin-wit>=1.6.0 in /ext3/miniconda3/envs/project/lib/python3.9/site-packages (from tensorboard>=2.9.1->pytorch-lightning>=1.7.0->lightning-bolts) (1.8.1)
Requirement already satisfied: werkzeug>=1.0.1 in /ext3/miniconda3/envs/project/lib/python3.9/site-packages (from tensorboard>=2.9.1->pytorch-lightning>=1.7.0->lightning-bolts) (2.2.2)
Requirement already satisfied: wheel>=0.26 in /ext3/miniconda3/envs/project/lib/python3.9/site-packages (from tensorboard>=2.9.1->pytorch-lightning>=1.7.0->lightning-bolts) (0.38.4)
Requirement already satisfied: protobuf in /ext3/miniconda3/envs/project/lib/python3.9/site-packages (from tensorboard>=2.9.1->pytorch-lightning>=1.7.0->lightning-bolts) (4.21.9)
Requirement already satisfied: google-auth<3,>=1.6.3 in /ext3/miniconda3/envs/project/lib/python3.9/site-packages (from tensorboard>=2.9.1->pytorch-lightning>=1.7.0->lightning-bolts) (2.14.1)
Requirement already satisfied: markdown>=2.6.8 in /ext3/miniconda3/envs/project/lib/python3.9/site-packages (from tensorboard>=2.9.1->pytorch-lightning>=1.7.0->lightning-bolts) (3.4.1)
Requirement already satisfied: absl-py>=0.4 in /ext3/miniconda3/envs/project/lib/python3.9/site-packages (from tensorboard>=2.9.1->pytorch-lightning>=1.7.0->lightning-bolts) (1.3.0)
Requirement already satisfied: setuptools>=41.0.0 in /ext3/miniconda3/envs/project/lib/python3.9/site-packages (from tensorboard>=2.9.1->pytorch-lightning>=1.7.0->lightning-bolts) (65.5.1)
Requirement already satisfied: google-auth-oauthlib<0.5,>=0.4.1 in /ext3/miniconda3/envs/project/lib/python3.9/site-packages (from tensorboard>=2.9.1->pytorch-lightning>=1.7.0->lightning-bolts) (0.4.6)
Requirement already satisfied: grpcio>=1.24.3 in /ext3/miniconda3/envs/project/lib/python3.9/site-packages (from tensorboard>=2.9.1->pytorch-lightning>=1.7.0->lightning-bolts) (1.49.1)
Requirement already satisfied: charset-normalizer<3,>=2 in /ext3/miniconda3/envs/project/lib/python3.9/site-packages (from requests->torchvision>=0.10.0->lightning-bolts) (2.1.1)
Requirement already satisfied: urllib3<1.27,>=1.21.1 in /ext3/miniconda3/envs/project/lib/python3.9/site-packages (from requests->torchvision>=0.10.0->lightning-bolts) (1.26.11)
Requirement already satisfied: idna<4,>=2.5 in /ext3/miniconda3/envs/project/lib/python3.9/site-packages (from requests->torchvision>=0.10.0->lightning-bolts) (3.4)
Requirement already satisfied: certifi>=2017.4.17 in /ext3/miniconda3/envs/project/lib/python3.9/site-packages (from requests->torchvision>=0.10.0->lightning-bolts) (2022.9.24)
Requirement already satisfied: attrs>=17.3.0 in /ext3/miniconda3/envs/project/lib/python3.9/site-packages (from aiohttp!=4.0.0a0,!=4.0.0a1->fsspec[http]!=2021.06.0,>=2021.05.0->pytorch-lightning>=1.7.0->lightning-bolts) (22.1.0)
Requirement already satisfied: frozenlist>=1.1.1 in /ext3/miniconda3/envs/project/lib/python3.9/site-packages (from aiohttp!=4.0.0a0,!=4.0.0a1->fsspec[http]!=2021.06.0,>=2021.05.0->pytorch-lightning>=1.7.0->lightning-bolts) (1.3.3)
Requirement already satisfied: multidict<7.0,>=4.5 in /ext3/miniconda3/envs/project/lib/python3.9/site-packages (from aiohttp!=4.0.0a0,!=4.0.0a1->fsspec[http]!=2021.06.0,>=2021.05.0->pytorch-lightning>=1.7.0->lightning-bolts) (6.0.2)
Requirement already satisfied: async-timeout<5.0,>=4.0.0a3 in /ext3/miniconda3/envs/project/lib/python3.9/site-packages (from aiohttp!=4.0.0a0,!=4.0.0a1->fsspec[http]!=2021.06.0,>=2021.05.0->pytorch-lightning>=1.7.0->lightning-bolts) (4.0.2)
Requirement already satisfied: aiosignal>=1.1.2 in /ext3/miniconda3/envs/project/lib/python3.9/site-packages (from aiohttp!=4.0.0a0,!=4.0.0a1->fsspec[http]!=2021.06.0,>=2021.05.0->pytorch-lightning>=1.7.0->lightning-bolts) (1.3.1)
Requirement already satisfied: yarl<2.0,>=1.0 in /ext3/miniconda3/envs/project/lib/python3.9/site-packages (from aiohttp!=4.0.0a0,!=4.0.0a1->fsspec[http]!=2021.06.0,>=2021.05.0->pytorch-lightning>=1.7.0->lightning-bolts) (1.8.1)
Requirement already satisfied: six>=1.9.0 in /ext3/miniconda3/envs/project/lib/python3.9/site-packages (from google-auth<3,>=1.6.3->tensorboard>=2.9.1->pytorch-lightning>=1.7.0->lightning-bolts) (1.16.0)
Requirement already satisfied: rsa<5,>=3.1.4 in /ext3/miniconda3/envs/project/lib/python3.9/site-packages (from google-auth<3,>=1.6.3->tensorboard>=2.9.1->pytorch-lightning>=1.7.0->lightning-bolts) (4.9)
Requirement already satisfied: cachetools<6.0,>=2.0.0 in /ext3/miniconda3/envs/project/lib/python3.9/site-packages (from google-auth<3,>=1.6.3->tensorboard>=2.9.1->pytorch-lightning>=1.7.0->lightning-bolts) (5.2.0)
Requirement already satisfied: pyasn1-modules>=0.2.1 in /ext3/miniconda3/envs/project/lib/python3.9/site-packages (from google-auth<3,>=1.6.3->tensorboard>=2.9.1->pytorch-lightning>=1.7.0->lightning-bolts) (0.2.7)
Requirement already satisfied: requests-oauthlib>=0.7.0 in /ext3/miniconda3/envs/project/lib/python3.9/site-packages (from google-auth-oauthlib<0.5,>=0.4.1->tensorboard>=2.9.1->pytorch-lightning>=1.7.0->lightning-bolts) (1.3.1)
Requirement already satisfied: importlib-metadata>=4.4 in /ext3/miniconda3/envs/project/lib/python3.9/site-packages (from markdown>=2.6.8->tensorboard>=2.9.1->pytorch-lightning>=1.7.0->lightning-bolts) (5.0.0)
Requirement already satisfied: MarkupSafe>=2.1.1 in /ext3/miniconda3/envs/project/lib/python3.9/site-packages (from werkzeug>=1.0.1->tensorboard>=2.9.1->pytorch-lightning>=1.7.0->lightning-bolts) (2.1.1)
Requirement already satisfied: zipp>=0.5 in /ext3/miniconda3/envs/project/lib/python3.9/site-packages (from importlib-metadata>=4.4->markdown>=2.6.8->tensorboard>=2.9.1->pytorch-lightning>=1.7.0->lightning-bolts) (3.10.0)
Requirement already satisfied: pyasn1<0.5.0,>=0.4.6 in /ext3/miniconda3/envs/project/lib/python3.9/site-packages (from pyasn1-modules>=0.2.1->google-auth<3,>=1.6.3->tensorboard>=2.9.1->pytorch-lightning>=1.7.0->lightning-bolts) (0.4.8)
Requirement already satisfied: oauthlib>=3.0.0 in /ext3/miniconda3/envs/project/lib/python3.9/site-packages (from requests-oauthlib>=0.7.0->google-auth-oauthlib<0.5,>=0.4.1->tensorboard>=2.9.1->pytorch-lightning>=1.7.0->lightning-bolts) (3.2.2)
Found 700 training images.
Epoch steps must be integer but is 21.875; i.e. len(data) / effective batch size needs to be a whole number
Attempting to change grad_accum_steps of backbone to 1 to resolve error...
Epoch steps now is 43.75
Could not adjust parameters.
